<?xml version="1.0"?><coverage lines-covered="253" lines-valid="268" line-rate="0.9440298507462687" branches-covered="0" branches-valid="0" branch-rate="0" complexity="0" version="1.9" timestamp="1768561521"><sources><source>/Users/jmachen/code/rpg</source></sources><packages><package name="benches" line-rate="0" branch-rate="0" complexity="0"><classes></classes></package><package name="src" line-rate="0.9440298507462687" branch-rate="0" complexity="0"><classes><class name="lib" filename="src/lib.rs" line-rate="0.9740932642487047" branch-rate="0" complexity="0"><methods/><lines><line number="51" hits="5"/><line number="52" hits="10"/><line number="66" hits="14"/><line number="67" hits="14"/><line number="69" hits="9"/><line number="72" hits="3"/><line number="73" hits="3"/><line number="78" hits="6"/><line number="81" hits="3"/><line number="82" hits="3"/><line number="88" hits="3"/><line number="89" hits="3"/><line number="160" hits="39"/><line number="161" hits="78"/><line number="163" hits="98"/><line number="166" hits="31"/><line number="167" hits="64"/><line number="168" hits="16"/><line number="169" hits="30"/><line number="170" hits="30"/><line number="173" hits="38"/><line number="174" hits="430"/><line number="175" hits="410"/><line number="177" hits="10"/><line number="178" hits="5"/><line number="179" hits="6"/><line number="180" hits="6"/><line number="181" hits="6"/><line number="188" hits="60"/><line number="189" hits="70"/><line number="190" hits="44"/><line number="195" hits="36"/><line number="200" hits="32"/><line number="201" hits="64"/><line number="204" hits="39"/><line number="205" hits="193"/><line number="206" hits="124"/><line number="210" hits="50"/><line number="211" hits="5"/><line number="213" hits="20"/><line number="215" hits="75"/><line number="218" hits="75"/><line number="221" hits="44"/><line number="222" hits="38"/><line number="226" hits="45"/><line number="227" hits="40"/><line number="231" hits="45"/><line number="232" hits="80"/><line number="233" hits="80"/><line number="234" hits="80"/><line number="235" hits="40"/><line number="240" hits="160"/><line number="243" hits="6202"/><line number="246" hits="64"/><line number="247" hits="3"/><line number="250" hits="29"/><line number="257" hits="27"/><line number="258" hits="27"/><line number="259" hits="2"/><line number="262" hits="25"/><line number="263" hits="2"/><line number="266" hits="23"/><line number="267" hits="1"/><line number="271" hits="27"/><line number="274" hits="6"/><line number="275" hits="2"/><line number="276" hits="0"/><line number="280" hits="21"/><line number="284" hits="25"/><line number="287" hits="25"/><line number="288" hits="28"/><line number="289" hits="27"/><line number="290" hits="19"/><line number="291" hits="17"/><line number="294" hits="26"/><line number="295" hits="5"/><line number="296" hits="16"/><line number="297" hits="2"/><line number="298" hits="12"/><line number="299" hits="2"/><line number="300" hits="8"/><line number="301" hits="2"/><line number="303" hits="2"/><line number="310" hits="9"/><line number="311" hits="18"/><line number="312" hits="62"/><line number="313" hits="44"/><line number="314" hits="54"/><line number="315" hits="18"/><line number="316" hits="27"/><line number="317" hits="27"/><line number="319" hits="2"/><line number="320" hits="2"/><line number="321" hits="2"/><line number="326" hits="7"/><line number="330" hits="13"/><line number="335" hits="52"/><line number="337" hits="39"/><line number="338" hits="1027"/><line number="340" hits="39"/><line number="341" hits="1027"/><line number="343" hits="39"/><line number="344" hits="403"/><line number="346" hits="39"/><line number="348" hits="367"/><line number="349" hits="708"/><line number="350" hits="510"/><line number="351" hits="318"/><line number="356" hits="301"/><line number="357" hits="288"/><line number="358" hits="0"/><line number="359" hits="84"/><line number="360" hits="3"/><line number="362" hits="164"/><line number="365" hits="0"/><line number="366" hits="64"/><line number="367" hits="6"/><line number="369" hits="120"/><line number="372" hits="0"/><line number="373" hits="70"/><line number="374" hits="6"/><line number="376" hits="132"/><line number="379" hits="0"/><line number="380" hits="70"/><line number="381" hits="6"/><line number="383" hits="132"/><line number="387" hits="432"/><line number="390" hits="13"/><line number="394" hits="42"/><line number="402" hits="168"/><line number="407" hits="126"/><line number="408" hits="3318"/><line number="410" hits="126"/><line number="411" hits="1302"/><line number="413" hits="126"/><line number="415" hits="2760"/><line number="416" hits="5436"/><line number="417" hits="3908"/><line number="418" hits="2468"/><line number="424" hits="52"/><line number="425" hits="10"/><line number="426" hits="46"/><line number="427" hits="110"/><line number="428" hits="66"/><line number="434" hits="49"/><line number="435" hits="7"/><line number="436" hits="24"/><line number="437" hits="55"/><line number="438" hits="33"/><line number="444" hits="48"/><line number="445" hits="6"/><line number="446" hits="20"/><line number="447" hits="45"/><line number="448" hits="27"/><line number="454" hits="1590"/><line number="455" hits="2510"/><line number="456" hits="1004"/><line number="461" hits="84"/><line number="463" hits="126"/><line number="467" hits="22"/><line number="472" hits="66"/><line number="474" hits="22"/><line number="475" hits="87"/><line number="476" hits="20"/><line number="479" hits="36"/><line number="480" hits="36"/><line number="481" hits="36"/><line number="482" hits="36"/><line number="483" hits="36"/><line number="484" hits="36"/><line number="487" hits="123"/><line number="490" hits="22"/><line number="494" hits="33"/><line number="495" hits="38"/><line number="496" hits="10"/><line number="497" hits="10"/><line number="498" hits="5"/><line number="499" hits="5"/><line number="503" hits="33"/><line number="505" hits="111"/><line number="506" hits="30"/><line number="508" hits="21"/><line number="512" hits="154"/><line number="514" hits="24"/><line number="515" hits="94"/><line number="516" hits="82"/><line number="517" hits="41"/><line number="518" hits="56"/><line number="519" hits="15"/><line number="520" hits="15"/><line number="522" hits="26"/><line number="526" hits="17"/><line number="527" hits="5"/></lines></class><class name="main" filename="src/main.rs" line-rate="0.8666666666666667" branch-rate="0" complexity="0"><methods/><lines><line number="10" hits="24"/><line number="11" hits="48"/><line number="12" hits="72"/><line number="13" hits="24"/><line number="15" hits="48"/><line number="97" hits="24"/><line number="98" hits="48"/><line number="104" hits="47"/><line number="105" hits="46"/><line number="106" hits="1"/><line number="107" hits="2"/><line number="108" hits="1"/><line number="113" hits="68"/><line number="114" hits="19"/><line number="116" hits="4"/><line number="117" hits="6"/><line number="118" hits="1"/><line number="119" hits="2"/><line number="120" hits="1"/><line number="126" hits="47"/><line number="127" hits="4"/><line number="128" hits="6"/><line number="129" hits="1"/><line number="130" hits="2"/><line number="131" hits="1"/><line number="135" hits="18"/><line number="139" hits="42"/><line number="141" hits="27"/><line number="142" hits="42"/><line number="146" hits="42"/><line number="147" hits="42"/><line number="148" hits="42"/><line number="151" hits="42"/><line number="152" hits="42"/><line number="153" hits="42"/><line number="154" hits="63"/><line number="156" hits="21"/><line number="160" hits="23"/><line number="161" hits="4"/><line number="162" hits="2"/><line number="166" hits="38"/><line number="167" hits="38"/><line number="168" hits="0"/><line number="169" hits="0"/><line number="170" hits="0"/><line number="177" hits="38"/><line number="178" hits="38"/><line number="179" hits="38"/><line number="180" hits="38"/><line number="181" hits="19"/><line number="185" hits="42"/><line number="187" hits="12"/><line number="188" hits="16"/><line number="190" hits="30"/><line number="191" hits="60"/><line number="195" hits="19"/><line number="197" hits="0"/><line number="198" hits="0"/><line number="199" hits="0"/><line number="200" hits="0"/><line number="203" hits="0"/><line number="204" hits="0"/><line number="205" hits="0"/><line number="212" hits="19"/><line number="213" hits="19"/><line number="215" hits="2"/><line number="216" hits="1"/><line number="217" hits="3"/><line number="218" hits="1"/><line number="219" hits="5"/><line number="221" hits="5"/><line number="224" hits="36"/><line number="225" hits="20"/><line number="226" hits="8"/><line number="228" hits="16"/></lines></class></classes></package><package name="tests" line-rate="0" branch-rate="0" complexity="0"><classes></classes></package></packages></coverage>